2025/03/17 19:57:04 Текущая цена Успокаивающий бальзам после бритья NIVEA MEN: 366.00
2025/03/17 19:57:04 Текущая цена ЕЛИЗАР, кислородный пятновыводитель: 295.00
2025/03/17 19:57:04 Текущая цена Gillette Mach3 Turbo мужская бритва: 1417.00
2025/03/17 19:57:04 Текущая цена Gillette Fusion5 ProGlide Мужская Бритва, 5 кассет: 1581.00
2025/03/17 19:57:04 Текущая цена Сменные Кассеты Gillette Fusion5: 3100.00
2025/03/17 19:57:05 Текущая цена Пена NIVEA MEN: 253.00
2025/03/17 19:57:05 Текущая цена OLD SPICE: 719.00
2025/03/17 19:57:24 Текущая цена OLLIN PROFESSIONAL Шампунь против перхоти: 890.00
2025/03/17 19:57:24 Текущая цена Himalaya Крем: 338.00
2025/03/17 19:57:35 Текущая цена Gillette Fusion5 ProGlide Power мужская бритва: 1083.00

2025/03/17 23:36:16 Текущая цена ЕЛИЗАР, кислородный пятновыводитель: 295.00
2025/03/17 23:36:16 Текущая цена Gillette Mach3 Turbo мужская бритва: 1417.00
2025/03/17 23:36:16 Текущая цена Пена NIVEA MEN: 253.00
2025/03/17 23:36:16 Текущая цена OLLIN PROFESSIONAL Шампунь против перхоти: 890.00
2025/03/17 23:36:16 Текущая цена Gillette Fusion5 ProGlide Power мужская бритва: 1083.00
2025/03/17 23:36:16 Текущая цена OLD SPICE: 719.00
2025/03/17 23:36:35 Текущая цена Gillette Fusion5 ProGlide Мужская Бритва, 5 кассет: 1581.00
2025/03/17 23:36:45 Текущая цена Сменные Кассеты Gillette Fusion5: 3100.00
2025/03/17 23:36:46 Текущая цена Успокаивающий бальзам после бритья NIVEA MEN: 366.00
2025/03/17 23:36:46 Текущая цена Himalaya Крем: 337.00

2025/03/18 03:20:12 Текущая цена ЕЛИЗАР, кислородный пятновыводитель: 295.00
2025/03/18 03:20:12 Текущая цена OLLIN PROFESSIONAL Шампунь против перхоти: 890.00
2025/03/18 03:20:12 Текущая цена Gillette Mach3 Turbo мужская бритва: 1417.00
2025/03/18 03:20:12 Текущая цена Gillette Fusion5 ProGlide Power мужская бритва: 1083.00
2025/03/18 03:20:28 Текущая цена Gillette Fusion5 ProGlide Мужская Бритва, 5 кассет: 1581.00
2025/03/18 03:20:28 Текущая цена OLD SPICE: 719.00
2025/03/18 03:20:29 Текущая цена Himalaya Крем: 338.00
2025/03/18 03:20:37 Текущая цена Сменные Кассеты Gillette Fusion5: 3100.00
2025/03/18 03:20:37 Попытка 1: ошибка - ошибка браузера: No node with given id found (-32000)
2025/03/18 03:20:42 Текущая цена Пена NIVEA MEN: 253.00
2025/03/18 03:20:42 Текущая цена Успокаивающий бальзам после бритья NIVEA MEN: 366.00

2025/03/18 13:18:20 Попытка 1: ошибка - ошибка браузера: No node with given id found (-32000)
2025/03/18 13:18:20 Текущая цена Gillette Fusion5 ProGlide Мужская Бритва, 5 кассет: 1581.00
2025/03/18 13:18:20 Текущая цена Успокаивающий бальзам после бритья NIVEA MEN: 366.00
2025/03/18 13:18:20 Текущая цена Himalaya Крем: 337.00
2025/03/18 13:18:21 Текущая цена ЕЛИЗАР, кислородный пятновыводитель: 295.00
2025/03/18 13:18:21 Текущая цена OLD SPICE: 719.00
2025/03/18 13:18:26 Текущая цена Пена NIVEA MEN: 253.00
2025/03/18 13:18:38 Текущая цена OLLIN PROFESSIONAL Шампунь против перхоти: 890.00
2025/03/18 13:18:38 Текущая цена Gillette Fusion5 ProGlide Power мужская бритва: 1083.00
2025/03/18 13:18:40 Попытка 1: ошибка - ошибка браузера: No node with given id found (-32000)
2025/03/18 13:18:48 Текущая цена Сменные Кассеты Gillette Fusion5: 3100.00
2025/03/18 13:18:50 Текущая цена Gillette Mach3 Turbo мужская бритва: 1417.00
2025/03/18 13:18:50 

